# JRE version: OpenJDK Runtime Environment Temurin-21.0.1+12 (21.0.1+12) (build 21.0.1+12-LTS)
# Java VM: OpenJDK 64-Bit Server VM Temurin-21.0.1+12 (21.0.1+12-LTS, mixed mode, emulated-client, tiered, compressed oops, compressed class ptrs, g1 gc, bsd-aarch64)
GC Precious Log:
 CardTable entry size: 512
 Card Set container configuration: InlinePtr #cards 5 size 8 Array Of Cards #cards 12 size 40 Howl #buckets 4 coarsen threshold 1843 Howl Bitmap #cards 512 size 80 coarsen threshold 460 Card regions per heap region 1 cards per card region 2048
 CPUs: 8 total, 8 available
 Memory: 8192M
 Large Page Support: Disabled
 NUMA Support: Disabled
 Compressed Oops: Enabled (Zero based)
 Heap Region Size: 1M
 Heap Min Capacity: 8M
 Heap Initial Capacity: 128M
 Heap Max Capacity: 2G
 Pre-touch: Disabled
 Parallel Workers: 8
 Concurrent Workers: 2
 Concurrent Refinement Workers: 8
 Periodic GC: Disabled
Heap:
 garbage-first heap   total 86016K, used 65224K [0x0000000780000000, 0x0000000800000000)
  region size 1024K, 43 young (44032K), 0 survivors (0K)
 Metaspace       used 78429K, committed 79488K, reserved 1179648K
  class space    used 10243K, committed 10688K, reserved 1048576K
GC Heap History (20 events):
Event: 1.771 GC heap before
{Heap before GC invocations=16 (full 0):
 garbage-first heap   total 59392K, used 51257K [0x0000000780000000, 0x0000000800000000)
  region size 1024K, 34 young (34816K), 3 survivors (3072K)
 Metaspace       used 47117K, committed 47744K, reserved 1114112K
  class space    used 5861K, committed 6144K, reserved 1048576K
}
Event: 1.772 GC heap after
{Heap after GC invocations=17 (full 0):
 garbage-first heap   total 71680K, used 19952K [0x0000000780000000, 0x0000000800000000)
  region size 1024K, 3 young (3072K), 3 survivors (3072K)
 Metaspace       used 47117K, committed 47744K, reserved 1114112K
  class space    used 5861K, committed 6144K, reserved 1048576K
}
Event: 1.948 GC heap before
{Heap before GC invocations=17 (full 0):
 garbage-first heap   total 71680K, used 59888K [0x0000000780000000, 0x0000000800000000)
  region size 1024K, 42 young (43008K), 3 survivors (3072K)
 Metaspace       used 53874K, committed 54464K, reserved 1114112K
  class space    used 6683K, committed 6912K, reserved 1048576K
}
Event: 1.950 GC heap after
{Heap after GC invocations=18 (full 0):
 garbage-first heap   total 71680K, used 21959K [0x0000000780000000, 0x0000000800000000)
  region size 1024K, 5 young (5120K), 5 survivors (5120K)
 Metaspace       used 53874K, committed 54464K, reserved 1114112K
  class space    used 6683K, committed 6912K, reserved 1048576K
}
Event: 2.093 GC heap before
{Heap before GC invocations=18 (full 0):
 garbage-first heap   total 71680K, used 59847K [0x0000000780000000, 0x0000000800000000)
  region size 1024K, 42 young (43008K), 5 survivors (5120K)
 Metaspace       used 57683K, committed 58304K, reserved 1114112K
  class space    used 7214K, committed 7488K, reserved 1048576K
}
Event: 2.095 GC heap after
{Heap after GC invocations=19 (full 0):
 garbage-first heap   total 71680K, used 22693K [0x0000000780000000, 0x0000000800000000)
  region size 1024K, 5 young (5120K), 5 survivors (5120K)
 Metaspace       used 57683K, committed 58304K, reserved 1114112K
  class space    used 7214K, committed 7488K, reserved 1048576K
}
Event: 2.146 GC heap before
{Heap before GC invocations=19 (full 0):
 garbage-first heap   total 71680K, used 40101K [0x0000000780000000, 0x0000000800000000)
  region size 1024K, 23 young (23552K), 5 survivors (5120K)
 Metaspace       used 59561K, committed 60160K, reserved 1114112K
  class space    used 7426K, committed 7744K, reserved 1048576K
}
Event: 2.148 GC heap after
{Heap after GC invocations=20 (full 0):
 garbage-first heap   total 71680K, used 23165K [0x0000000780000000, 0x0000000800000000)
  region size 1024K, 4 young (4096K), 4 survivors (4096K)
 Metaspace       used 59561K, committed 60160K, reserved 1114112K
  class space    used 7426K, committed 7744K, reserved 1048576K
}
Event: 2.277 GC heap before
{Heap before GC invocations=21 (full 0):
 garbage-first heap   total 71680K, used 61053K [0x0000000780000000, 0x0000000800000000)
  region size 1024K, 42 young (43008K), 4 survivors (4096K)
 Metaspace       used 63901K, committed 64512K, reserved 1114112K
  class space    used 8204K, committed 8512K, reserved 1048576K
}
Event: 2.279 GC heap after
{Heap after GC invocations=22 (full 0):
 garbage-first heap   total 71680K, used 24032K [0x0000000780000000, 0x0000000800000000)
  region size 1024K, 5 young (5120K), 5 survivors (5120K)
 Metaspace       used 63901K, committed 64512K, reserved 1114112K
  class space    used 8204K, committed 8512K, reserved 1048576K
}
Event: 2.389 GC heap before
{Heap before GC invocations=22 (full 0):
 garbage-first heap   total 71680K, used 60896K [0x0000000780000000, 0x0000000800000000)
  region size 1024K, 41 young (41984K), 5 survivors (5120K)
 Metaspace       used 67532K, committed 68224K, reserved 1114112K
  class space    used 8780K, committed 9088K, reserved 1048576K
}
Event: 2.391 GC heap after
{Heap after GC invocations=23 (full 0):
 garbage-first heap   total 86016K, used 24612K [0x0000000780000000, 0x0000000800000000)
  region size 1024K, 4 young (4096K), 4 survivors (4096K)
 Metaspace       used 67532K, committed 68224K, reserved 1114112K
  class space    used 8780K, committed 9088K, reserved 1048576K
}
Event: 2.584 GC heap before
{Heap before GC invocations=23 (full 0):
 garbage-first heap   total 86016K, used 71716K [0x0000000780000000, 0x0000000800000000)
  region size 1024K, 50 young (51200K), 4 survivors (4096K)
 Metaspace       used 71418K, committed 72128K, reserved 1114112K
  class space    used 9271K, committed 9600K, reserved 1048576K
}
Event: 2.586 GC heap after
{Heap after GC invocations=24 (full 0):
 garbage-first heap   total 86016K, used 26764K [0x0000000780000000, 0x0000000800000000)
  region size 1024K, 6 young (6144K), 6 survivors (6144K)
 Metaspace       used 71418K, committed 72128K, reserved 1114112K
  class space    used 9271K, committed 9600K, reserved 1048576K
}
Event: 12.442 GC heap before
{Heap before GC invocations=24 (full 0):
 garbage-first heap   total 86016K, used 71820K [0x0000000780000000, 0x0000000800000000)
  region size 1024K, 50 young (51200K), 6 survivors (6144K)
 Metaspace       used 74461K, committed 75200K, reserved 1114112K
  class space    used 9710K, committed 10048K, reserved 1048576K
}
Event: 12.447 GC heap after
{Heap after GC invocations=25 (full 0):
 garbage-first heap   total 86016K, used 29227K [0x0000000780000000, 0x0000000800000000)
  region size 1024K, 6 young (6144K), 6 survivors (6144K)
 Metaspace       used 74461K, committed 75200K, reserved 1114112K
  class space    used 9710K, committed 10048K, reserved 1048576K
}
Event: 238.514 GC heap before
{Heap before GC invocations=25 (full 0):
 garbage-first heap   total 86016K, used 72235K [0x0000000780000000, 0x0000000800000000)
  region size 1024K, 49 young (50176K), 6 survivors (6144K)
 Metaspace       used 77878K, committed 78656K, reserved 1179648K
  class space    used 10174K, committed 10560K, reserved 1048576K
}
Event: 238.548 GC heap after
{Heap after GC invocations=26 (full 0):
 garbage-first heap   total 86016K, used 32061K [0x0000000780000000, 0x0000000800000000)
  region size 1024K, 6 young (6144K), 6 survivors (6144K)
 Metaspace       used 77878K, committed 78656K, reserved 1179648K
  class space    used 10174K, committed 10560K, reserved 1048576K
}
Event: 673.774 GC heap before
{Heap before GC invocations=26 (full 0):
 garbage-first heap   total 86016K, used 48445K [0x0000000780000000, 0x0000000800000000)
  region size 1024K, 23 young (23552K), 6 survivors (6144K)
 Metaspace       used 78631K, committed 79488K, reserved 1179648K
  class space    used 10301K, committed 10688K, reserved 1048576K
}
Event: 673.803 GC heap after
{Heap after GC invocations=27 (full 1):
 garbage-first heap   total 86016K, used 23240K [0x0000000780000000, 0x0000000800000000)
  region size 1024K, 0 young (0K), 0 survivors (0K)
 Metaspace       used 78245K, committed 79488K, reserved 1179648K
  class space    used 10203K, committed 10688K, reserved 1048576K
}

